<?xml version="1.0" encoding="UTF-8" ?>
<testsuite errors="0" failures="6" hostname="LAPTOP-0AUPKKC1" name="tarkastaja.B_VaalipuheenTarkastajaTest" skipped="0" tests="6" time="2.495" timestamp="2019-01-19T15:19:12">
  <properties>
[...]
</properties>
  <testcase classname="tarkastaja.B_VaalipuheenTarkastajaTest" name="valintaKysymys1" time="1.039">
    <failure message="BorderPanessa tulee olla asetettuna alaosaan VBox-olio. Nyt alaosassa oli: null" type="junit.framework.AssertionFailedError">junit.framework.AssertionFailedError: BorderPanessa tulee olla asetettuna alaosaan VBox-olio. Nyt alaosassa oli: null
	at tarkastaja.B_VaalipuheenTarkastajaTest.syotaJaTarkista(B_VaalipuheenTarkastajaTest.java:112)
	at tarkastaja.B_VaalipuheenTarkastajaTest.valintaKysymys1(B_VaalipuheenTarkastajaTest.java:88)
</failure>
  </testcase>
  <testcase classname="tarkastaja.B_VaalipuheenTarkastajaTest" name="valintaKysymys2" time="0.284">
    <failure message="BorderPanessa tulee olla asetettuna alaosaan VBox-olio. Nyt alaosassa oli: null" type="junit.framework.AssertionFailedError">junit.framework.AssertionFailedError: BorderPanessa tulee olla asetettuna alaosaan VBox-olio. Nyt alaosassa oli: null
	at tarkastaja.B_VaalipuheenTarkastajaTest.syotaJaTarkista(B_VaalipuheenTarkastajaTest.java:112)
	at tarkastaja.B_VaalipuheenTarkastajaTest.valintaKysymys2(B_VaalipuheenTarkastajaTest.java:93)
</failure>
  </testcase>
  <testcase classname="tarkastaja.B_VaalipuheenTarkastajaTest" name="valintaEi1" time="0.287">
    <failure message="BorderPanessa tulee olla asetettuna alaosaan VBox-olio. Nyt alaosassa oli: null" type="junit.framework.AssertionFailedError">junit.framework.AssertionFailedError: BorderPanessa tulee olla asetettuna alaosaan VBox-olio. Nyt alaosassa oli: null
	at tarkastaja.B_VaalipuheenTarkastajaTest.syotaJaTarkista(B_VaalipuheenTarkastajaTest.java:112)
	at tarkastaja.B_VaalipuheenTarkastajaTest.valintaEi1(B_VaalipuheenTarkastajaTest.java:78)
</failure>
  </testcase>
  <testcase classname="tarkastaja.B_VaalipuheenTarkastajaTest" name="valintaEi2" time="0.27">
    <failure message="BorderPanessa tulee olla asetettuna alaosaan VBox-olio. Nyt alaosassa oli: null" type="junit.framework.AssertionFailedError">junit.framework.AssertionFailedError: BorderPanessa tulee olla asetettuna alaosaan VBox-olio. Nyt alaosassa oli: null
	at tarkastaja.B_VaalipuheenTarkastajaTest.syotaJaTarkista(B_VaalipuheenTarkastajaTest.java:112)
	at tarkastaja.B_VaalipuheenTarkastajaTest.valintaEi2(B_VaalipuheenTarkastajaTest.java:83)
</failure>
  </testcase>
  <testcase classname="tarkastaja.B_VaalipuheenTarkastajaTest" name="valintaKylla1" time="0.268">
    <failure message="BorderPanessa tulee olla asetettuna alaosaan VBox-olio. Nyt alaosassa oli: null" type="junit.framework.AssertionFailedError">junit.framework.AssertionFailedError: BorderPanessa tulee olla asetettuna alaosaan VBox-olio. Nyt alaosassa oli: null
	at tarkastaja.B_VaalipuheenTarkastajaTest.syotaJaTarkista(B_VaalipuheenTarkastajaTest.java:112)
	at tarkastaja.B_VaalipuheenTarkastajaTest.valintaKylla1(B_VaalipuheenTarkastajaTest.java:68)
</failure>
  </testcase>
  <testcase classname="tarkastaja.B_VaalipuheenTarkastajaTest" name="valintaKylla2" time="0.259">
    <failure message="BorderPanessa tulee olla asetettuna alaosaan VBox-olio. Nyt alaosassa oli: null" type="junit.framework.AssertionFailedError">junit.framework.AssertionFailedError: BorderPanessa tulee olla asetettuna alaosaan VBox-olio. Nyt alaosassa oli: null
	at tarkastaja.B_VaalipuheenTarkastajaTest.syotaJaTarkista(B_VaalipuheenTarkastajaTest.java:112)
	at tarkastaja.B_VaalipuheenTarkastajaTest.valintaKylla2(B_VaalipuheenTarkastajaTest.java:73)
</failure>
  </testcase>
  <system-out><![CDATA[]]></system-out>
  <system-err><![CDATA[]]></system-err>
</testsuite>
